<?xml version="1.0" encoding="UTF-8"?>
<!-- Generated by org.testng.reporters.JUnitXMLReporter -->
<testsuite hostname="Jagadeesh2" ignored="0" name="Default test" tests="5" failures="0" timestamp="2021-10-05T12:54:36 IST" time="50.534" errors="0">
  <testcase name="home_Page" time="6.548" classname="org.TestNG_file.TestNg_Project"/>
  <testcase name="search_hotel" time="5.616" classname="org.TestNG_file.TestNg_Project"/>
  <testcase name="select_Hotel" time="2.086" classname="org.TestNG_file.TestNg_Project"/>
  <testcase name="book_Now" time="4.094" classname="org.TestNG_file.TestNg_Project"/>
  <testcase name="book_Confirm" time="11.036" classname="org.TestNG_file.TestNg_Project"/>
</testsuite> <!-- Default test -->
