<?xml version="1.0" encoding="UTF-8"?>
<testsuite xmlns:xsi="http://www.w3.org/2001/XMLSchema-instance" xsi:noNamespaceSchemaLocation="https://maven.apache.org/surefire/maven-surefire-plugin/xsd/surefire-test-report.xsd" name="org.test_runner.Test_Runner" time="69.68" tests="42" errors="0" skipped="0" failures="0">
  <properties>
[...]
</properties>
  <testcase name="Given user Launch The Adactin Application" classname="| Test1 | pass1 |" time="0.011"/>
  <testcase name="When user Enter The &quot;Test1&quot; In Username Field" classname="| Test1 | pass1 |" time="0"/>
  <testcase name="And user Enter The &quot;pass1&quot; In Password Field" classname="| Test1 | pass1 |" time="0"/>
  <testcase name="Then user Click The Login Button To Navigate The Search Hotel Page" classname="| Test1 | pass1 |" time="0"/>
  <testcase name="| Test1 | pass1 |" classname="| Test1 | pass1 |" time="0.009"/>
  <testcase name="Given user Launch The Adactin Application" classname="| jagadeesh007 | Jaga@007 |" time="0"/>
  <testcase name="When user Enter The &quot;jagadeesh007&quot; In Username Field" classname="| jagadeesh007 | Jaga@007 |" time="0"/>
  <testcase name="And user Enter The &quot;Jaga@007&quot; In Password Field" classname="| jagadeesh007 | Jaga@007 |" time="0"/>
  <testcase name="Then user Click The Login Button To Navigate The Search Hotel Page" classname="| jagadeesh007 | Jaga@007 |" time="0"/>
  <testcase name="| jagadeesh007 | Jaga@007 |" classname="| jagadeesh007 | Jaga@007 |" time="0.008"/>
  <testcase name="Given user Launch The Adactin Application" classname="| DevilGanesh | devil1429 |" time="0"/>
  <testcase name="When user Enter The &quot;DevilGanesh&quot; In Username Field" classname="| DevilGanesh | devil1429 |" time="0"/>
  <testcase name="And user Enter The &quot;devil1429&quot; In Password Field" classname="| DevilGanesh | devil1429 |" time="0"/>
  <testcase name="Then user Click The Login Button To Navigate The Search Hotel Page" classname="| DevilGanesh | devil1429 |" time="0"/>
  <testcase name="| DevilGanesh | devil1429 |" classname="| DevilGanesh | devil1429 |" time="0.04"/>
  <testcase name="When user Select The Hotel &quot;New York&quot;" classname="Scenario: Search Hotel Page" time="0"/>
  <testcase name="And user Select The &quot;Hotel Sunshine&quot;" classname="Scenario: Search Hotel Page" time="0"/>
  <testcase name="And user Select The Room Type" classname="Scenario: Search Hotel Page" time="0"/>
  <testcase name="And user Select The Number Of Rooms" classname="Scenario: Search Hotel Page" time="0"/>
  <testcase name="And user Enter The Check In Date" classname="Scenario: Search Hotel Page" time="0"/>
  <testcase name="And User Enter The Check Out Date" classname="Scenario: Search Hotel Page" time="0"/>
  <testcase name="And user Select The Adults Per Room" classname="Scenario: Search Hotel Page" time="0"/>
  <testcase name="And user Select The Children Per Room" classname="Scenario: Search Hotel Page" time="0"/>
  <testcase name="Then user Click The Search Button To Navigate The Select Hotel Page" classname="Scenario: Search Hotel Page" time="0"/>
  <testcase name="Scenario: Search Hotel Page" classname="Scenario: Search Hotel Page" time="0.025"/>
  <testcase name="When user Click To Select The Hotel" classname="Scenario: Select Hotel Page" time="0"/>
  <testcase name="Then user Click The Continue Button To Navigate The BooK Hotel" classname="Scenario: Select Hotel Page" time="0.016"/>
  <testcase name="Scenario: Select Hotel Page" classname="Scenario: Select Hotel Page" time="0.037"/>
  <testcase name="When user Enter The First Name In First Name Field" classname="Scenario: Book Hotel Page" time="0"/>
  <testcase name="And user Enter The Last Name In Last Name Field" classname="Scenario: Book Hotel Page" time="0"/>
  <testcase name="And user Enter The Address In Address Field" classname="Scenario: Book Hotel Page" time="0"/>
  <testcase name="And user Enter The Credit Card No IN Credit Card Field" classname="Scenario: Book Hotel Page" time="0"/>
  <testcase name="And user Select The Card Type" classname="Scenario: Book Hotel Page" time="0"/>
  <testcase name="And user Select The Expiry Month" classname="Scenario: Book Hotel Page" time="0"/>
  <testcase name="And user Select The Expiry Year" classname="Scenario: Book Hotel Page" time="0"/>
  <testcase name="And user Enter The Cvv Number In Cvv Field" classname="Scenario: Book Hotel Page" time="0"/>
  <testcase name="Then user Click The Book Now Button To Navigate The Booking Confirm Page" classname="Scenario: Book Hotel Page" time="0"/>
  <testcase name="Scenario: Book Hotel Page" classname="Scenario: Book Hotel Page" time="0.025"/>
  <testcase name="Then user Click The My Itinerary Button To Navigate Booked Itinerary Page" classname="Scenario: Booking Confirm Page" time="0"/>
  <testcase name="Scenario: Booking Confirm Page" classname="Scenario: Booking Confirm Page" time="0.006"/>
  <testcase name="Then user Click The Logout Button To Logout The Our Account" classname="Scenario: Booked Itinerary Page" time="0"/>
  <testcase name="Scenario: Booked Itinerary Page" classname="Scenario: Booked Itinerary Page" time="0.008"/>
</testsuite>